<?xml version="1.0" encoding="UTF-8"?>
<!-- Generated by org.testng.reporters.JUnitReportReporter -->
<testsuite hostname="DESKTOP-3APH7UC" failures="0" tests="2" name="Hariprasad.tests.ErrorValidationsTest" time="27.591" errors="0" timestamp="2024-01-29T10:38:15 IST" skipped="0">
  <testcase classname="Hariprasad.tests.ErrorValidationsTest" name="LoginErrorValidation" time="3.225"/>
  <testcase classname="Hariprasad.tests.ErrorValidationsTest" name="ProductErrorValidation" time="24.366"/>
</testsuite> <!-- Hariprasad.tests.ErrorValidationsTest -->
