<?xml version="1.0" encoding="UTF-8"?>
<!-- Generated by org.testng.reporters.JUnitReportReporter -->
<testsuite hostname="DESKTOP-3APH7UC" failures="0" tests="3" name="Hariprasad.tests.SubmitOrderTest" time="45.362" errors="0" timestamp="2024-01-29T10:38:15 IST" skipped="0">
  <testcase classname="Hariprasad.tests.SubmitOrderTest" name="submitOrder" time="22.285"/>
  <testcase classname="Hariprasad.tests.SubmitOrderTest" name="submitOrder" time="16.950"/>
  <testcase classname="Hariprasad.tests.SubmitOrderTest" name="OrderHistoryTest" time="6.127"/>
</testsuite> <!-- Hariprasad.tests.SubmitOrderTest -->
